\BOOKMARK [1][-]{section.1}{\376\377\000I\000n\000t\000r\000o\000d\000u\000c\000t\000i\000o\000n\000\040\000a\000n\000d\000\040\000M\000o\000t\000i\000v\000a\000t\000i\000o\000n}{}% 1
\BOOKMARK [2][-]{subsection.1.1}{\376\377\000C\000o\000n\000t\000r\000i\000b\000u\000t\000i\000o\000n\000s\000\040\000a\000n\000d\000\040\000n\000o\000v\000e\000l\000t\000i\000e\000s}{section.1}% 2
\BOOKMARK [2][-]{subsection.1.2}{\376\377\000S\000o\000f\000t\000w\000a\000r\000e\000\040\000a\000v\000a\000i\000l\000a\000b\000i\000l\000i\000t\000y\000\040\000a\000n\000d\000\040\000v\000e\000r\000s\000i\000o\000n\000i\000n\000g}{section.1}% 3
\BOOKMARK [2][-]{subsection.1.3}{\376\377\000T\000h\000e\000s\000i\000s\000\040\000r\000o\000a\000d\000m\000a\000p}{section.1}% 4
\BOOKMARK [1][-]{section.2}{\376\377\000S\000o\000f\000t\000w\000a\000r\000e\000\040\000a\000r\000c\000h\000i\000t\000e\000c\000t\000u\000r\000e\000\040\000a\000n\000d\000\040\000o\000p\000t\000i\000m\000i\000z\000a\000t\000i\000o\000n\000\040\000p\000l\000a\000y\000g\000r\000o\000u\000n\000d}{}% 5
\BOOKMARK [2][-]{subsection.2.1}{\376\377\000D\000e\000s\000i\000g\000n\000\040\000p\000r\000i\000n\000c\000i\000p\000l\000e\000s}{section.2}% 6
\BOOKMARK [2][-]{subsection.2.2}{\376\377\000S\000y\000s\000t\000e\000m\000\040\000o\000v\000e\000r\000v\000i\000e\000w}{section.2}% 7
\BOOKMARK [2][-]{subsection.2.3}{\376\377\000O\000p\000t\000i\000m\000i\000z\000a\000t\000i\000o\000n\000\040\000p\000l\000a\000y\000g\000r\000o\000u\000n\000d}{section.2}% 8
\BOOKMARK [2][-]{subsection.2.4}{\376\377\000D\000a\000t\000a\000,\000\040\000l\000o\000g\000g\000i\000n\000g\000,\000\040\000a\000n\000d\000\040\000m\000e\000t\000r\000i\000c\000s}{section.2}% 9
\BOOKMARK [2][-]{subsection.2.5}{\376\377\000E\000x\000t\000e\000n\000s\000i\000b\000i\000l\000i\000t\000y}{section.2}% 10
\BOOKMARK [2][-]{subsection.2.6}{\376\377\000R\000e\000p\000r\000o\000d\000u\000c\000i\000b\000i\000l\000i\000t\000y}{section.2}% 11
\BOOKMARK [1][-]{section.3}{\376\377\000C\000o\000n\000f\000i\000g\000u\000r\000a\000t\000i\000o\000n\000\040\000S\000p\000a\000c\000e\000\040\000o\000f\000\040\000D\000V\000A\000\040\000S\000y\000s\000t\000e\000m\000s}{}% 12
\BOOKMARK [2][-]{subsection.3.1}{\376\377\000D\000e\000f\000i\000n\000i\000t\000i\000o\000n\000\040\000o\000f\000\040\000C\000o\000m\000p\000o\000n\000e\000n\000t\000s\000\040\000a\000n\000d\000\040\000P\000a\000r\000a\000m\000e\000t\000e\000r\000s}{section.3}% 13
\BOOKMARK [2][-]{subsection.3.2}{\376\377\000T\000o\000t\000a\000l\000\040\000N\000u\000m\000b\000e\000r\000\040\000o\000f\000\040\000C\000o\000n\000f\000i\000g\000u\000r\000a\000t\000i\000o\000n\000s}{section.3}% 14
\BOOKMARK [1][-]{section.4}{\376\377\000P\000a\000r\000a\000m\000e\000t\000e\000r\000\040\000S\000p\000a\000c\000e\000\040\000a\000n\000d\000\040\000D\000e\000s\000i\000g\000n\000\040\000V\000a\000r\000i\000a\000b\000l\000e\000s}{}% 15
\BOOKMARK [1][-]{section.5}{\376\377\000P\000r\000o\000b\000l\000e\000m\000\040\000S\000t\000a\000t\000e\000m\000e\000n\000t}{}% 16
\BOOKMARK [2][-]{subsection.5.1}{\376\377\000M\000e\000c\000h\000a\000n\000i\000c\000a\000l\000\040\000S\000y\000s\000t\000e\000m\000\040\000D\000e\000f\000i\000n\000i\000t\000i\000o\000n}{section.5}% 17
\BOOKMARK [3][-]{subsubsection.5.1.1}{\376\377\000F\000u\000l\000l\000y\000\040\000C\000o\000u\000p\000l\000e\000d\000\040\0002\000D\000O\000F\000\040\000-\000\040\0003\000D\000O\000F\000\040\000S\000y\000s\000t\000e\000m\000\040\000S\000e\000t\000u\000p}{subsection.5.1}% 18
\BOOKMARK [3][-]{subsubsection.5.1.2}{\376\377\000D\000i\000m\000e\000n\000s\000i\000o\000n\000l\000e\000s\000s\000\040\000F\000o\000r\000m}{subsection.5.1}% 19
\BOOKMARK [2][-]{subsection.5.2}{\376\377\000O\000p\000t\000i\000m\000i\000z\000a\000t\000i\000o\000n\000\040\000P\000r\000o\000b\000l\000e\000m\000\040\000F\000o\000r\000m\000u\000l\000a\000t\000i\000o\000n}{section.5}% 20
\BOOKMARK [3][-]{subsubsection.5.2.1}{\376\377\000O\000b\000j\000e\000c\000t\000i\000v\000e\000\040\000F\000u\000n\000c\000t\000i\000o\000n\000\040\000D\000e\000f\000i\000n\000i\000t\000i\000o\000n}{subsection.5.2}% 21
\BOOKMARK [3][-]{subsubsection.5.2.2}{\376\377\000P\000e\000r\000f\000o\000r\000m\000a\000n\000c\000e\000\040\000C\000r\000i\000t\000e\000r\000i\000a\000\040\000H\000i\000e\000r\000a\000r\000c\000h\000y}{subsection.5.2}% 22
\BOOKMARK [3][-]{subsubsection.5.2.3}{\376\377\000F\000i\000t\000n\000e\000s\000s\000\040\000E\000v\000a\000l\000u\000a\000t\000i\000o\000n\000\040\000t\000h\000r\000o\000u\000g\000h\000\040\000F\000R\000F\000\040\000A\000n\000a\000l\000y\000s\000i\000s}{subsection.5.2}% 23
\BOOKMARK [1][-]{section.6}{\376\377\000T\000r\000a\000d\000i\000t\000i\000o\000n\000a\000l\000\040\000G\000e\000n\000e\000t\000i\000c\000\040\000A\000l\000g\000o\000r\000i\000t\000h\000m\000\040\000M\000e\000t\000h\000o\000d\000o\000l\000o\000g\000y}{}% 24
\BOOKMARK [2][-]{subsection.6.1}{\376\377\000A\000l\000g\000o\000r\000i\000t\000h\000m\000i\000c\000\040\000F\000r\000a\000m\000e\000w\000o\000r\000k}{section.6}% 25
\BOOKMARK [2][-]{subsection.6.2}{\376\377\000B\000a\000s\000e\000l\000i\000n\000e\000\040\000G\000A\000\040\000f\000o\000r\000\040\000D\000V\000A\000\040\000D\000e\000s\000i\000g\000n}{section.6}% 26
\BOOKMARK [2][-]{subsection.6.3}{\376\377\000C\000o\000m\000p\000l\000e\000x\000i\000t\000y\000\040\000a\000n\000d\000\040\000l\000i\000m\000i\000t\000a\000t\000i\000o\000n\000s}{section.6}% 27
\BOOKMARK [1][-]{section.7}{\376\377\000A\000d\000v\000a\000n\000c\000e\000d\000\040\000G\000e\000n\000e\000t\000i\000c\000\040\000A\000l\000g\000o\000r\000i\000t\000h\000m\000\040\000M\000e\000t\000h\000o\000d\000o\000l\000o\000g\000y}{}% 28
\BOOKMARK [2][-]{subsection.7.1}{\376\377\000O\000v\000e\000r\000v\000i\000e\000w\000\040\000o\000f\000\040\000A\000d\000v\000a\000n\000c\000e\000d\000\040\000F\000e\000a\000t\000u\000r\000e\000s}{section.7}% 29
\BOOKMARK [2][-]{subsection.7.2}{\376\377\000M\000a\000c\000h\000i\000n\000e\000\040\000L\000e\000a\000r\000n\000i\000n\000g\000\040\000B\000a\000n\000d\000i\000t\000\040\000C\000o\000n\000t\000r\000o\000l\000l\000e\000r\000\040\000f\000o\000r\000\040\000P\000a\000r\000a\000m\000e\000t\000e\000r\000\040\000A\000d\000a\000p\000t\000a\000t\000i\000o\000n}{section.7}% 30
\BOOKMARK [2][-]{subsection.7.3}{\376\377\000R\000e\000i\000n\000f\000o\000r\000c\000e\000m\000e\000n\000t\000\040\000L\000e\000a\000r\000n\000i\000n\000g\000-\000B\000a\000s\000e\000d\000\040\000C\000o\000n\000t\000r\000o\000l\000\040\000o\000f\000\040\000G\000A\000\040\000P\000a\000r\000a\000m\000e\000t\000e\000r\000s}{section.7}% 31
\BOOKMARK [2][-]{subsection.7.4}{\376\377\000S\000o\000b\000o\000l\000\040\000a\000n\000d\000\040\000L\000a\000t\000i\000n\000\040\000H\000y\000p\000e\000r\000c\000u\000b\000e\000\040\000S\000e\000e\000d\000i\000n\000g}{section.7}% 32
\BOOKMARK [2][-]{subsection.7.5}{\376\377\000N\000e\000u\000r\000a\000l\000\040\000N\000e\000t\000w\000o\000r\000k\000-\000B\000a\000s\000e\000d\000\040\000P\000o\000p\000u\000l\000a\000t\000i\000o\000n\000\040\000S\000e\000e\000d\000i\000n\000g\000\040\000\050\000N\000e\000u\000r\000a\000l\000S\000e\000e\000d\000e\000r\000\051}{section.7}% 33
\BOOKMARK [2][-]{subsection.7.6}{\376\377\000S\000u\000r\000r\000o\000g\000a\000t\000e\000\040\000M\000o\000d\000e\000l\000-\000A\000s\000s\000i\000s\000t\000e\000d\000\040\000F\000i\000t\000n\000e\000s\000s\000\040\000E\000v\000a\000l\000u\000a\000t\000i\000o\000n}{section.7}% 34
\BOOKMARK [2][-]{subsection.7.7}{\376\377\000L\000e\000g\000a\000c\000y\000\040\000a\000d\000a\000p\000t\000i\000v\000e\000\040\000r\000a\000t\000e\000s}{section.7}% 35
\BOOKMARK [1][-]{section.8}{\376\377\000B\000e\000n\000c\000h\000m\000a\000r\000k\000i\000n\000g\000\040\000a\000n\000d\000\040\000R\000o\000b\000u\000s\000t\000n\000e\000s\000s\000\040\000A\000n\000a\000l\000y\000s\000i\000s}{}% 36
\BOOKMARK [2][-]{subsection.8.1}{\376\377\000R\000e\000c\000o\000r\000d\000e\000d\000\040\000m\000e\000t\000r\000i\000c\000s}{section.8}% 37
\BOOKMARK [2][-]{subsection.8.2}{\376\377\000K\000e\000y\000\040\000p\000e\000r\000f\000o\000r\000m\000a\000n\000c\000e\000\040\000i\000n\000d\000i\000c\000a\000t\000o\000r\000s\000\040\000\050\000K\000P\000I\000s\000\051}{section.8}% 38
\BOOKMARK [2][-]{subsection.8.3}{\376\377\000B\000e\000n\000c\000h\000m\000a\000r\000k\000\040\000d\000e\000s\000i\000g\000n}{section.8}% 39
\BOOKMARK [2][-]{subsection.8.4}{\376\377\000S\000t\000a\000t\000i\000s\000t\000i\000c\000a\000l\000\040\000a\000n\000a\000l\000y\000s\000i\000s}{section.8}% 40
\BOOKMARK [2][-]{subsection.8.5}{\376\377\000R\000e\000p\000o\000r\000t\000i\000n\000g}{section.8}% 41
\BOOKMARK [1][-]{section.9}{\376\377\000C\000a\000s\000e\000\040\000s\000t\000u\000d\000i\000e\000s\000\040\000a\000n\000d\000\040\000v\000a\000l\000i\000d\000a\000t\000i\000o\000n}{}% 42
\BOOKMARK [2][-]{subsection.9.1}{\376\377\000E\000x\000p\000e\000r\000i\000m\000e\000n\000t\000a\000l\000\040\000s\000e\000t\000u\000p}{section.9}% 43
\BOOKMARK [2][-]{subsection.9.2}{\376\377\000R\000e\000s\000u\000l\000t\000s\000\040\000o\000v\000e\000r\000v\000i\000e\000w}{section.9}% 44
\BOOKMARK [1][-]{section.10}{\376\377\000S\000t\000a\000t\000i\000s\000t\000i\000c\000a\000l\000\040\000s\000y\000n\000t\000h\000e\000s\000i\000s\000\040\000o\000f\000\040\000r\000e\000c\000o\000m\000m\000e\000n\000d\000e\000d\000\040\000D\000V\000A\000\040\000p\000a\000r\000a\000m\000e\000t\000e\000r\000\040\000r\000a\000n\000g\000e\000s}{}% 45
\BOOKMARK [2][-]{subsection.10.1}{\376\377\000M\000o\000t\000i\000v\000a\000t\000i\000o\000n\000\040\000a\000n\000d\000\040\000o\000v\000e\000r\000v\000i\000e\000w}{section.10}% 46
\BOOKMARK [2][-]{subsection.10.2}{\376\377\000D\000a\000t\000a\000\040\000m\000o\000d\000e\000l\000\040\000a\000n\000d\000\040\000n\000o\000t\000a\000t\000i\000o\000n}{section.10}% 47
\BOOKMARK [2][-]{subsection.10.3}{\376\377\000P\000r\000e\000p\000r\000o\000c\000e\000s\000s\000i\000n\000g\000\040\000a\000n\000d\000\040\000q\000u\000a\000l\000i\000t\000y\000\040\000c\000o\000n\000t\000r\000o\000l}{section.10}% 48
\BOOKMARK [2][-]{subsection.10.4}{\376\377\000R\000a\000n\000g\000e\000\040\000e\000s\000t\000i\000m\000a\000t\000i\000o\000n\000\040\000c\000r\000i\000t\000e\000r\000i\000a}{section.10}% 49
\BOOKMARK [3][-]{subsubsection.10.4.1}{\376\377\000I\000n\000t\000e\000r\000q\000u\000a\000r\000t\000i\000l\000e\000\040\000R\000a\000n\000g\000e\000\040\000\050\000I\000Q\000R\000,\000\040\000Q\0001\040\023\000Q\0003\000\051}{subsection.10.4}% 50
\BOOKMARK [3][-]{subsubsection.10.4.2}{\376\377\000P\0005\040\023\000P\0009\0005\000\040\000Q\000u\000a\000n\000t\000i\000l\000e\000\040\000I\000n\000t\000e\000r\000v\000a\000l}{subsection.10.4}% 51
\BOOKMARK [3][-]{subsubsection.10.4.3}{\376\377\000T\000u\000k\000e\000y\000\040\000W\000h\000i\000s\000k\000e\000r\000s\000\040\000\050\000C\000l\000a\000s\000s\000i\000c\000a\000l\000\040\000O\000u\000t\000l\000i\000e\000r\000\040\000T\000r\000i\000m\000m\000i\000n\000g\000\051}{subsection.10.4}% 52
\BOOKMARK [3][-]{subsubsection.10.4.4}{\376\377\000S\000h\000o\000r\000t\000e\000s\000t\000\040\000\040\000H\000i\000g\000h\000-\000D\000e\000n\000s\000i\000t\000y\000\040\000I\000n\000t\000e\000r\000v\000a\000l\000\040\000\050\000H\000D\000I\000\051}{subsection.10.4}% 53
\BOOKMARK [3][-]{subsubsection.10.4.5}{\376\377\000T\000o\000p\000-\000q\000\040\000P\000e\000r\000f\000o\000r\000m\000a\000n\000c\000e\000\040\000P\0005\040\023\000P\0009\0005}{subsection.10.4}% 54
\BOOKMARK [3][-]{subsubsection.10.4.6}{\376\377\000T\000r\000i\000m\000m\000e\000d\000\040\000M\000e\000a\000n\000\040\000\040\0001\000.\0005\000M\000A\000D\000\040\000\050\000T\000M\000A\000D\000,\000\040\000R\000o\000b\000u\000s\000t\000\051}{subsection.10.4}% 55
\BOOKMARK [2][-]{subsection.10.5}{\376\377\000D\000a\000t\000a\000\040\000i\000n\000g\000e\000s\000t\000i\000o\000n\000\040\000a\000n\000d\000\040\000a\000g\000g\000r\000e\000g\000a\000t\000i\000o\000n\000\040\000\050\000G\000A\000W\000o\000r\000k\000e\000r\000\040\000\040\000G\000U\000I\000\051}{section.10}% 56
\BOOKMARK [2][-]{subsection.10.6}{\376\377\000C\000r\000i\000t\000e\000r\000i\000o\000n\000\040\000r\000o\000b\000u\000s\000t\000n\000e\000s\000s\000\040\000a\000n\000d\000\040\000g\000u\000i\000d\000a\000n\000c\000e}{section.10}% 57
\BOOKMARK [2][-]{subsection.10.7}{\376\377\000A\000l\000g\000o\000r\000i\000t\000h\000m\000s}{section.10}% 58
\BOOKMARK [2][-]{subsection.10.8}{\376\377\000A\000g\000g\000r\000e\000g\000a\000t\000i\000o\000n\000,\000\040\000c\000o\000m\000p\000a\000r\000i\000s\000o\000n\000,\000\040\000a\000n\000d\000\040\000d\000e\000c\000i\000s\000i\000o\000n\000\040\000r\000u\000l\000e\000s}{section.10}% 59
\BOOKMARK [2][-]{subsection.10.9}{\376\377\000D\000i\000a\000g\000n\000o\000s\000t\000i\000c\000s\000\040\000a\000n\000d\000\040\000v\000i\000s\000u\000a\000l\000i\000z\000a\000t\000i\000o\000n}{section.10}% 60
\BOOKMARK [2][-]{subsection.10.10}{\376\377\000S\000t\000a\000t\000i\000s\000t\000i\000c\000a\000l\000\040\000g\000u\000i\000d\000a\000n\000c\000e\000\040\000o\000n\000\040\000c\000r\000i\000t\000e\000r\000i\000o\000n\000\040\000c\000h\000o\000i\000c\000e}{section.10}% 61
\BOOKMARK [2][-]{subsection.10.11}{\376\377\000C\000o\000m\000p\000l\000e\000x\000i\000t\000y\000\040\000a\000n\000d\000\040\000i\000m\000p\000l\000e\000m\000e\000n\000t\000a\000t\000i\000o\000n\000\040\000n\000o\000t\000e\000s}{section.10}% 62
\BOOKMARK [2][-]{subsection.10.12}{\376\377\000E\000n\000d\000-\000t\000o\000-\000e\000n\000d\000\040\000p\000r\000o\000c\000e\000d\000u\000r\000e\000\040\000\050\000f\000r\000o\000m\000\040\000o\000p\000t\000i\000m\000i\000z\000a\000t\000i\000o\000n\000\040\000t\000o\000\040\000r\000a\000n\000g\000e\000s\000\040\000a\000n\000d\000\040\000c\000o\000m\000p\000a\000r\000i\000s\000o\000n\000\051}{section.10}% 63
\BOOKMARK [2][-]{subsection.10.13}{\376\377\000M\000a\000p\000p\000i\000n\000g\000\040\000t\000o\000\040\000s\000o\000f\000t\000w\000a\000r\000e\000\040\000i\000m\000p\000l\000e\000m\000e\000n\000t\000a\000t\000i\000o\000n}{section.10}% 64
\BOOKMARK [1][-]{section.11}{\376\377\000B\000e\000n\000c\000h\000m\000a\000r\000k\000i\000n\000g\000\040\000p\000r\000o\000t\000o\000c\000o\000l\000:\000\040\000s\000i\000n\000g\000l\000e\000-\000r\000u\000n\000\040\000a\000n\000d\000\040\0001\0000\0000\000-\000r\000u\000n\000\040\000s\000t\000a\000t\000i\000s\000t\000i\000c\000a\000l\000\040\000s\000t\000u\000d\000y}{}% 65
\BOOKMARK [2][-]{subsection.11.1}{\376\377\000R\000a\000t\000i\000o\000n\000a\000l\000e\000\040\000a\000n\000d\000\040\000s\000c\000o\000p\000e}{section.11}% 66
\BOOKMARK [2][-]{subsection.11.2}{\376\377\000B\000e\000n\000c\000h\000m\000a\000r\000k\000i\000n\000g\000\040\000s\000y\000s\000t\000e\000m\000\040\000a\000n\000d\000\040\000j\000u\000s\000t\000i\000f\000i\000c\000a\000t\000i\000o\000n\000s}{section.11}% 67
\BOOKMARK [2][-]{subsection.11.3}{\376\377\000B\000a\000n\000d\000w\000i\000d\000t\000h\000-\000a\000v\000o\000i\000d\000a\000n\000c\000e\000\040\000c\000r\000i\000t\000e\000r\000i\000o\000n\000\040\000a\000n\000d\000\040\000w\000e\000i\000g\000h\000t\000s}{section.11}% 68
\BOOKMARK [2][-]{subsection.11.4}{\376\377\000P\000a\000r\000t\000\040\000I\000:\000\040\000S\000i\000n\000g\000l\000e\000\040\000r\000u\000n\000\040\000w\000i\000t\000h\000\040\000a\000l\000l\000\040\000f\000e\000a\000t\000u\000r\000e\000s\000\040\000e\000n\000a\000b\000l\000e\000d}{section.11}% 69
\BOOKMARK [2][-]{subsection.11.5}{\376\377\000P\000a\000r\000t\000\040\000I\000I\000:\000\040\0001\0000\0000\000-\000r\000u\000n\000\040\000s\000t\000a\000t\000i\000s\000t\000i\000c\000a\000l\000\040\000r\000a\000n\000g\000e\000\040\000s\000t\000u\000d\000y}{section.11}% 70
\BOOKMARK [2][-]{subsection.11.6}{\376\377\000S\000u\000c\000c\000e\000s\000s\000\040\000c\000r\000i\000t\000e\000r\000i\000a\000\040\000a\000n\000d\000\040\000n\000o\000n\000-\000g\000o\000a\000l\000s}{section.11}% 71
